<?xml version="1.0" encoding="UTF-8"?>
<!-- Generated by org.testng.reporters.JUnitXMLReporter -->
<testsuite hostname="CPU351" ignored="3" name="AnyDocChooseTemp" tests="2" failures="0" timestamp="20 Jun 2019 10:55:09 GMT" time="124.207" errors="0">
  <testcase name="Login" time="20.78" classname="Scripts.Login_Script"/>
  <testcase name="anyDoc" time="95.047" classname="Scripts.AnyDocChooseTemp_Script"/>
  <testcase name="@BeforeSuite createreport" time="0.0" classname="Generic_Library.Basefunctions">
    <ignored/>
  </testcase> <!-- @BeforeSuite createreport -->
  <testcase name="@BeforeTest launch" time="0.0" classname="Generic_Library.Basefunctions">
    <ignored/>
  </testcase> <!-- @BeforeTest launch -->
  <testcase name="@AfterTest closeapp" time="0.0" classname="Generic_Library.Basefunctions">
    <ignored/>
  </testcase> <!-- @AfterTest closeapp -->
</testsuite> <!-- AnyDocChooseTemp -->
