<?xml version="1.0" encoding="UTF-8"?>
<!-- Generated by org.testng.reporters.JUnitXMLReporter -->
<testsuite hostname="CPU351" ignored="3" name="AnyDoc" tests="6" failures="0" timestamp="20 Jun 2019 10:53:04 GMT" time="145.241" errors="0">
  <testcase name="Login" time="20.441" classname="Scripts.Login_Script"/>
  <testcase name="anyDoc" time="10.663" classname="Scripts.AnyDoc_Script"/>
  <testcase name="anyDoc" time="0.005" classname="Scripts.AnyDoc_Script"/>
  <testcase name="anyDoc" time="61.435" classname="Scripts.AnyDoc_Script"/>
  <testcase name="anyDoc" time="9.803" classname="Scripts.AnyDoc_Script"/>
  <testcase name="dsignanyDoc" time="34.483" classname="Scripts.AnyDoc_Script"/>
  <testcase name="@BeforeSuite createreport" time="0.0" classname="Generic_Library.Basefunctions">
    <ignored/>
  </testcase> <!-- @BeforeSuite createreport -->
  <testcase name="@BeforeTest launch" time="0.0" classname="Generic_Library.Basefunctions">
    <ignored/>
  </testcase> <!-- @BeforeTest launch -->
  <testcase name="@AfterTest closeapp" time="0.0" classname="Generic_Library.Basefunctions">
    <ignored/>
  </testcase> <!-- @AfterTest closeapp -->
</testsuite> <!-- AnyDoc -->
