<?xml version="1.0" encoding="UTF-8"?>
<!-- Generated by org.testng.reporters.JUnitXMLReporter -->
<testsuite hostname="CPU351" ignored="3" name="BulkDocChooseTemp" tests="2" failures="0" timestamp="21 Jun 2019 06:14:20 GMT" time="89.396" errors="0">
  <testcase name="Login" time="17.485" classname="Scripts.Login_Script"/>
  <testcase name="bulkDocChooseTemp" time="65.813" classname="Scripts.BulkDocChooseTemp_Script"/>
  <testcase name="@BeforeSuite createreport" time="0.0" classname="Generic_Library.Basefunctions">
    <ignored/>
  </testcase> <!-- @BeforeSuite createreport -->
  <testcase name="@BeforeTest launch" time="0.0" classname="Generic_Library.Basefunctions">
    <ignored/>
  </testcase> <!-- @BeforeTest launch -->
  <testcase name="@AfterTest closeapp" time="0.0" classname="Generic_Library.Basefunctions">
    <ignored/>
  </testcase> <!-- @AfterTest closeapp -->
</testsuite> <!-- BulkDocChooseTemp -->
