<?xml version="1.0" encoding="UTF-8"?>
<!-- Generated by org.testng.reporters.JUnitXMLReporter -->
<testsuite hostname="CPU351" ignored="3" name="BulkDoc" tests="7" failures="0" timestamp="21 Jun 2019 04:53:12 GMT" time="113.348" errors="0">
  <testcase name="Login" time="17.764" classname="Scripts.Login_Script"/>
  <testcase name="bulkDoc" time="16.701" classname="Scripts.BulkDoc_Script"/>
  <testcase name="bulkDoc" time="2.519" classname="Scripts.BulkDoc_Script"/>
  <testcase name="bulkDoc" time="10.64" classname="Scripts.BulkDoc_Script"/>
  <testcase name="bulkDoc" time="0.597" classname="Scripts.BulkDoc_Script"/>
  <testcase name="bulkDoc" time="9.032" classname="Scripts.BulkDoc_Script"/>
  <testcase name="bulkDoc" time="49.709" classname="Scripts.BulkDoc_Script"/>
  <testcase name="@BeforeSuite createreport" time="0.0" classname="Generic_Library.Basefunctions">
    <ignored/>
  </testcase> <!-- @BeforeSuite createreport -->
  <testcase name="@BeforeTest launch" time="0.0" classname="Generic_Library.Basefunctions">
    <ignored/>
  </testcase> <!-- @BeforeTest launch -->
  <testcase name="@AfterTest closeapp" time="0.0" classname="Generic_Library.Basefunctions">
    <ignored/>
  </testcase> <!-- @AfterTest closeapp -->
</testsuite> <!-- BulkDoc -->
