<?xml version="1.0" encoding="UTF-8"?>
<!-- Generated by org.testng.reporters.JUnitXMLReporter -->
<testsuite hostname="CPU351" ignored="3" name="DecryptMultipleFiles" tests="9" failures="0" timestamp="20 Jun 2019 10:49:32 GMT" time="115.126" errors="0">
  <testcase name="Login" time="18.958" classname="Scripts.Login_Script"/>
  <testcase name="settingPage" time="9.92" classname="Scripts.DecryptMultipleFiles_Script"/>
  <testcase name="mltpleFilesDecryptPage" time="0.006" classname="Scripts.DecryptMultipleFiles_Script"/>
  <testcase name="mltpleFilesDecryptPage" time="0.001" classname="Scripts.DecryptMultipleFiles_Script"/>
  <testcase name="mltpleFilesDecryptPage" time="0.001" classname="Scripts.DecryptMultipleFiles_Script"/>
  <testcase name="mltpleFilesDecryptPage" time="0.001" classname="Scripts.DecryptMultipleFiles_Script"/>
  <testcase name="mltpleFilesDecryptPage" time="38.011" classname="Scripts.DecryptMultipleFiles_Script"/>
  <testcase name="mltpleFilesDecryptPage" time="11.188" classname="Scripts.DecryptMultipleFiles_Script"/>
  <testcase name="mltpleFilesDecryptPage" time="32.849" classname="Scripts.DecryptMultipleFiles_Script"/>
  <testcase name="@BeforeSuite createreport" time="0.0" classname="Generic_Library.Basefunctions">
    <ignored/>
  </testcase> <!-- @BeforeSuite createreport -->
  <testcase name="@BeforeTest launch" time="0.0" classname="Generic_Library.Basefunctions">
    <ignored/>
  </testcase> <!-- @BeforeTest launch -->
  <testcase name="@AfterTest closeapp" time="0.0" classname="Generic_Library.Basefunctions">
    <ignored/>
  </testcase> <!-- @AfterTest closeapp -->
</testsuite> <!-- DecryptMultipleFiles -->
