<?xml version="1.0" encoding="UTF-8"?>
<!-- Generated by org.testng.reporters.JUnitXMLReporter -->
<testsuite hostname="CPU351" ignored="3" name="Decrypt" tests="9" failures="0" timestamp="03 May 2019 10:28:28 GMT" time="84.416" errors="0">
  <testcase name="Login" time="13.203" classname="Scripts.Login_Script"/>
  <testcase name="settingPage" time="5.998" classname="Scripts.Decrypt_Script"/>
  <testcase name="DecryptPage" time="18.935" classname="Scripts.Decrypt_Script"/>
  <testcase name="DecryptPage" time="6.051" classname="Scripts.Decrypt_Script"/>
  <testcase name="DecryptPage" time="33.217" classname="Scripts.Decrypt_Script"/>
  <testcase name="DecryptPage" time="0.001" classname="Scripts.Decrypt_Script"/>
  <testcase name="DecryptPage" time="0.0" classname="Scripts.Decrypt_Script"/>
  <testcase name="DecryptPage" time="0.0" classname="Scripts.Decrypt_Script"/>
  <testcase name="DecryptPage" time="0.0" classname="Scripts.Decrypt_Script"/>
  <testcase name="@BeforeSuite createreport" time="0.0" classname="Generic_Library.Basefunctions">
    <ignored/>
  </testcase> <!-- @BeforeSuite createreport -->
  <testcase name="@BeforeTest launch" time="0.0" classname="Generic_Library.Basefunctions">
    <ignored/>
  </testcase> <!-- @BeforeTest launch -->
  <testcase name="@AfterTest closeapp" time="0.0" classname="Generic_Library.Basefunctions">
    <ignored/>
  </testcase> <!-- @AfterTest closeapp -->
</testsuite> <!-- Decrypt -->
