<?xml version="1.0" encoding="UTF-8"?>
<!-- Generated by org.testng.reporters.JUnitXMLReporter -->
<testsuite hostname="CPU351" ignored="3" name="Decrypt" tests="9" failures="0" timestamp="20 Jun 2019 10:47:37 GMT" time="116.851" errors="0">
  <testcase name="Login" time="24.27" classname="Scripts.Login_Script"/>
  <testcase name="settingPage" time="9.851" classname="Scripts.Decrypt_Script"/>
  <testcase name="DecryptPage" time="37.74" classname="Scripts.Decrypt_Script"/>
  <testcase name="DecryptPage" time="7.081" classname="Scripts.Decrypt_Script"/>
  <testcase name="DecryptPage" time="33.035" classname="Scripts.Decrypt_Script"/>
  <testcase name="DecryptPage" time="0.001" classname="Scripts.Decrypt_Script"/>
  <testcase name="DecryptPage" time="0.001" classname="Scripts.Decrypt_Script"/>
  <testcase name="DecryptPage" time="0.001" classname="Scripts.Decrypt_Script"/>
  <testcase name="DecryptPage" time="0.001" classname="Scripts.Decrypt_Script"/>
  <testcase name="@BeforeSuite createreport" time="0.0" classname="Generic_Library.Basefunctions">
    <ignored/>
  </testcase> <!-- @BeforeSuite createreport -->
  <testcase name="@BeforeTest launch" time="0.0" classname="Generic_Library.Basefunctions">
    <ignored/>
  </testcase> <!-- @BeforeTest launch -->
  <testcase name="@AfterTest closeapp" time="0.0" classname="Generic_Library.Basefunctions">
    <ignored/>
  </testcase> <!-- @AfterTest closeapp -->
</testsuite> <!-- Decrypt -->
