<?xml version="1.0" encoding="UTF-8"?>
<!-- Generated by org.testng.reporters.JUnitXMLReporter -->
<testsuite hostname="CPU351" ignored="3" name="DecryptMultipleFiles" tests="9" failures="0" timestamp="03 May 2019 10:29:57 GMT" time="88.792" errors="0">
  <testcase name="Login" time="12.721" classname="Scripts.Login_Script"/>
  <testcase name="settingPage" time="5.903" classname="Scripts.DecryptMultipleFiles_Script"/>
  <testcase name="mltpleFilesDecryptPage" time="0.0" classname="Scripts.DecryptMultipleFiles_Script"/>
  <testcase name="mltpleFilesDecryptPage" time="0.014" classname="Scripts.DecryptMultipleFiles_Script"/>
  <testcase name="mltpleFilesDecryptPage" time="0.003" classname="Scripts.DecryptMultipleFiles_Script"/>
  <testcase name="mltpleFilesDecryptPage" time="0.002" classname="Scripts.DecryptMultipleFiles_Script"/>
  <testcase name="mltpleFilesDecryptPage" time="21.091" classname="Scripts.DecryptMultipleFiles_Script"/>
  <testcase name="mltpleFilesDecryptPage" time="10.05" classname="Scripts.DecryptMultipleFiles_Script"/>
  <testcase name="mltpleFilesDecryptPage" time="33.153" classname="Scripts.DecryptMultipleFiles_Script"/>
  <testcase name="@BeforeSuite createreport" time="0.0" classname="Generic_Library.Basefunctions">
    <ignored/>
  </testcase> <!-- @BeforeSuite createreport -->
  <testcase name="@BeforeTest launch" time="0.0" classname="Generic_Library.Basefunctions">
    <ignored/>
  </testcase> <!-- @BeforeTest launch -->
  <testcase name="@AfterTest closeapp" time="0.0" classname="Generic_Library.Basefunctions">
    <ignored/>
  </testcase> <!-- @AfterTest closeapp -->
</testsuite> <!-- DecryptMultipleFiles -->
