<?xml version="1.0" encoding="UTF-8"?>
<!-- Generated by org.testng.reporters.JUnitXMLReporter -->
<testsuite hostname="CPU351" ignored="3" name="Docstore" tests="4" failures="0" timestamp="30 Apr 2019 06:32:25 GMT" time="77.647" errors="0">
  <testcase name="Login" time="13.075" classname="Scripts.Login_Script"/>
  <testcase name="dash_docStore" time="31.129" classname="Scripts.Docstore_Script"/>
  <testcase name="uploadDoc" time="23.702" classname="Scripts.Docstore_Script"/>
  <testcase name="exprtExcel" time="2.793" classname="Scripts.Docstore_Script"/>
  <testcase name="@BeforeSuite createreport" time="0.0" classname="Generic_Library.Basefunctions">
    <ignored/>
  </testcase> <!-- @BeforeSuite createreport -->
  <testcase name="@BeforeTest launch" time="0.0" classname="Generic_Library.Basefunctions">
    <ignored/>
  </testcase> <!-- @BeforeTest launch -->
  <testcase name="@AfterTest closeapp" time="0.0" classname="Generic_Library.Basefunctions">
    <ignored/>
  </testcase> <!-- @AfterTest closeapp -->
</testsuite> <!-- Docstore -->
