<?xml version="1.0" encoding="UTF-8"?>
<!-- Generated by org.testng.reporters.JUnitXMLReporter -->
<testsuite hostname="CPU351" ignored="3" name="Encrypt" tests="12" failures="0" timestamp="20 Jun 2019 10:45:40 GMT" time="203.383" errors="0">
  <testcase name="Login" time="19.385" classname="Scripts.Login_Script"/>
  <testcase name="settingPage" time="9.981" classname="Scripts.Encrypt_Script"/>
  <testcase name="EncryptPage" time="33.338" classname="Scripts.Encrypt_Script"/>
  <testcase name="EncryptPage" time="5.457" classname="Scripts.Encrypt_Script"/>
  <testcase name="EncryptPage" time="11.8" classname="Scripts.Encrypt_Script"/>
  <testcase name="EncryptPage" time="11.667" classname="Scripts.Encrypt_Script"/>
  <testcase name="EncryptPage" time="20.184" classname="Scripts.Encrypt_Script"/>
  <testcase name="EncryptPage" time="34.91" classname="Scripts.Encrypt_Script"/>
  <testcase name="EncryptPage" time="7.289" classname="Scripts.Encrypt_Script"/>
  <testcase name="EncryptPage" time="11.535" classname="Scripts.Encrypt_Script"/>
  <testcase name="EncryptPage" time="11.528" classname="Scripts.Encrypt_Script"/>
  <testcase name="EncryptPage" time="20.269" classname="Scripts.Encrypt_Script"/>
  <testcase name="@BeforeSuite createreport" time="0.0" classname="Generic_Library.Basefunctions">
    <ignored/>
  </testcase> <!-- @BeforeSuite createreport -->
  <testcase name="@BeforeTest launch" time="0.0" classname="Generic_Library.Basefunctions">
    <ignored/>
  </testcase> <!-- @BeforeTest launch -->
  <testcase name="@AfterTest closeapp" time="0.0" classname="Generic_Library.Basefunctions">
    <ignored/>
  </testcase> <!-- @AfterTest closeapp -->
</testsuite> <!-- Encrypt -->
