<?xml version="1.0" encoding="UTF-8"?>
<!-- Generated by org.testng.reporters.JUnitXMLReporter -->
<testsuite hostname="CPU351" ignored="3" name="Encrypt" tests="12" failures="0" timestamp="03 May 2019 10:18:51 GMT" time="166.044" errors="0">
  <testcase name="Login" time="12.479" classname="Scripts.Login_Script"/>
  <testcase name="settingPage" time="6.21" classname="Scripts.Encrypt_Script"/>
  <testcase name="EncryptPage" time="22.038" classname="Scripts.Encrypt_Script"/>
  <testcase name="EncryptPage" time="4.041" classname="Scripts.Encrypt_Script"/>
  <testcase name="EncryptPage" time="11.72" classname="Scripts.Encrypt_Script"/>
  <testcase name="EncryptPage" time="11.613" classname="Scripts.Encrypt_Script"/>
  <testcase name="EncryptPage" time="17.679" classname="Scripts.Encrypt_Script"/>
  <testcase name="EncryptPage" time="26.67" classname="Scripts.Encrypt_Script"/>
  <testcase name="EncryptPage" time="5.933" classname="Scripts.Encrypt_Script"/>
  <testcase name="EncryptPage" time="11.691" classname="Scripts.Encrypt_Script"/>
  <testcase name="EncryptPage" time="11.555" classname="Scripts.Encrypt_Script"/>
  <testcase name="EncryptPage" time="17.417" classname="Scripts.Encrypt_Script"/>
  <testcase name="@BeforeSuite createreport" time="0.0" classname="Generic_Library.Basefunctions">
    <ignored/>
  </testcase> <!-- @BeforeSuite createreport -->
  <testcase name="@BeforeTest launch" time="0.0" classname="Generic_Library.Basefunctions">
    <ignored/>
  </testcase> <!-- @BeforeTest launch -->
  <testcase name="@AfterTest closeapp" time="0.0" classname="Generic_Library.Basefunctions">
    <ignored/>
  </testcase> <!-- @AfterTest closeapp -->
</testsuite> <!-- Encrypt -->
