<?xml version="1.0" encoding="UTF-8"?>
<!-- Generated by org.testng.reporters.JUnitXMLReporter -->
<testsuite hostname="CPU351" ignored="3" name="Form16" tests="9" failures="0" timestamp="16 May 2019 05:05:51 GMT" time="160.156" errors="0">
  <testcase name="Login" time="11.264" classname="Scripts.Login_Script"/>
  <testcase name="Form16Sign1" time="12.748" classname="Scripts.Form16Sign_Script"/>
  <testcase name="Form16Sign1" time="0.601" classname="Scripts.Form16Sign_Script"/>
  <testcase name="Form16Sign1" time="48.245" classname="Scripts.Form16Sign_Script"/>
  <testcase name="Form16Sign1" time="6.896" classname="Scripts.Form16Sign_Script"/>
  <testcase name="Form16Sign1" time="4.951" classname="Scripts.Form16Sign_Script"/>
  <testcase name="Form16Sign1" time="9.625" classname="Scripts.Form16Sign_Script"/>
  <testcase name="Form16Sign1" time="7.492" classname="Scripts.Form16Sign_Script"/>
  <testcase name="Form16Sign1" time="51.822" classname="Scripts.Form16Sign_Script"/>
  <testcase name="@BeforeSuite createreport" time="0.0" classname="Generic_Library.Basefunctions">
    <ignored/>
  </testcase> <!-- @BeforeSuite createreport -->
  <testcase name="@BeforeTest launch" time="0.0" classname="Generic_Library.Basefunctions">
    <ignored/>
  </testcase> <!-- @BeforeTest launch -->
  <testcase name="@AfterTest closeapp" time="0.0" classname="Generic_Library.Basefunctions">
    <ignored/>
  </testcase> <!-- @AfterTest closeapp -->
</testsuite> <!-- Form16 -->
