<?xml version="1.0" encoding="UTF-8"?>
<!-- Generated by org.testng.reporters.JUnitXMLReporter -->
<testsuite hostname="CPU351" ignored="3" name="Form16" tests="9" failures="0" timestamp="20 Jun 2019 10:27:22 GMT" time="179.263" errors="0">
  <testcase name="Login" time="20.59" classname="Scripts.Login_Script"/>
  <testcase name="Form16Sign1" time="19.056" classname="Scripts.Form16Sign_Script"/>
  <testcase name="Form16Sign1" time="0.678" classname="Scripts.Form16Sign_Script"/>
  <testcase name="Form16Sign1" time="49.883" classname="Scripts.Form16Sign_Script"/>
  <testcase name="Form16Sign1" time="7.058" classname="Scripts.Form16Sign_Script"/>
  <testcase name="Form16Sign1" time="4.991" classname="Scripts.Form16Sign_Script"/>
  <testcase name="Form16Sign1" time="9.723" classname="Scripts.Form16Sign_Script"/>
  <testcase name="Form16Sign1" time="7.592" classname="Scripts.Form16Sign_Script"/>
  <testcase name="Form16Sign1" time="51.845" classname="Scripts.Form16Sign_Script"/>
  <testcase name="@BeforeSuite createreport" time="0.0" classname="Generic_Library.Basefunctions">
    <ignored/>
  </testcase> <!-- @BeforeSuite createreport -->
  <testcase name="@BeforeTest launch" time="0.0" classname="Generic_Library.Basefunctions">
    <ignored/>
  </testcase> <!-- @BeforeTest launch -->
  <testcase name="@AfterTest closeapp" time="0.0" classname="Generic_Library.Basefunctions">
    <ignored/>
  </testcase> <!-- @AfterTest closeapp -->
</testsuite> <!-- Form16 -->
