<?xml version="1.0" encoding="UTF-8"?>
<!-- Generated by org.testng.reporters.JUnitXMLReporter -->
<testsuite hostname="CPU351" ignored="3" name="Form16ChooseTemp" tests="2" failures="0" timestamp="03 May 2019 10:05:50 GMT" time="82.258" errors="0">
  <testcase name="Login" time="13.029" classname="Scripts.Login_Script"/>
  <testcase name="form16ChooseTemp" time="63.457" classname="Scripts.Form16ChooseTemp_Script"/>
  <testcase name="@BeforeSuite createreport" time="0.0" classname="Generic_Library.Basefunctions">
    <ignored/>
  </testcase> <!-- @BeforeSuite createreport -->
  <testcase name="@BeforeTest launch" time="0.0" classname="Generic_Library.Basefunctions">
    <ignored/>
  </testcase> <!-- @BeforeTest launch -->
  <testcase name="@AfterTest closeapp" time="0.0" classname="Generic_Library.Basefunctions">
    <ignored/>
  </testcase> <!-- @AfterTest closeapp -->
</testsuite> <!-- Form16ChooseTemp -->
