<?xml version="1.0" encoding="UTF-8"?>
<!-- Generated by org.testng.reporters.JUnitXMLReporter -->
<testsuite hostname="CPU351" ignored="3" name="Form16ChooseTemp" tests="2" failures="0" timestamp="20 Jun 2019 10:29:00 GMT" time="97.916" errors="0">
  <testcase name="Login" time="18.899" classname="Scripts.Login_Script"/>
  <testcase name="form16ChooseTemp" time="73.994" classname="Scripts.Form16ChooseTemp_Script"/>
  <testcase name="@BeforeSuite createreport" time="0.0" classname="Generic_Library.Basefunctions">
    <ignored/>
  </testcase> <!-- @BeforeSuite createreport -->
  <testcase name="@BeforeTest launch" time="0.0" classname="Generic_Library.Basefunctions">
    <ignored/>
  </testcase> <!-- @BeforeTest launch -->
  <testcase name="@AfterTest closeapp" time="0.0" classname="Generic_Library.Basefunctions">
    <ignored/>
  </testcase> <!-- @AfterTest closeapp -->
</testsuite> <!-- Form16ChooseTemp -->
