<?xml version="1.0" encoding="UTF-8"?>
<!-- Generated by org.testng.reporters.JUnitXMLReporter -->
<testsuite hostname="CPU351" ignored="0" name="LoginErrCheck" tests="4" failures="0" timestamp="16 May 2019 04:59:40 GMT" time="20.042" errors="0">
  <testcase name="LoginErrCheck" time="3.38" classname="Scripts.LoginErrCheck_Script"/>
  <testcase name="LoginErrCheck" time="1.327" classname="Scripts.LoginErrCheck_Script"/>
  <testcase name="LoginErrCheck" time="3.615" classname="Scripts.LoginErrCheck_Script"/>
  <testcase name="LoginErrCheck" time="3.083" classname="Scripts.LoginErrCheck_Script"/>
</testsuite> <!-- LoginErrCheck -->
