<?xml version="1.0" encoding="UTF-8"?>
<!-- Generated by org.testng.reporters.JUnitXMLReporter -->
<testsuite hostname="CPU351" ignored="0" name="LoginErrCheck" tests="4" failures="0" timestamp="20 Jun 2019 05:51:05 GMT" time="18.918" errors="0">
  <testcase name="LoginErrCheck" time="3.24" classname="Scripts.LoginErrCheck_Script"/>
  <testcase name="LoginErrCheck" time="1.306" classname="Scripts.LoginErrCheck_Script"/>
  <testcase name="LoginErrCheck" time="3.637" classname="Scripts.LoginErrCheck_Script"/>
  <testcase name="LoginErrCheck" time="2.813" classname="Scripts.LoginErrCheck_Script"/>
</testsuite> <!-- LoginErrCheck -->
