<?xml version="1.0" encoding="UTF-8"?>
<!-- Generated by org.testng.reporters.JUnitXMLReporter -->
<testsuite hostname="CPU351" ignored="3" name="ManageWfFlexi" tests="3" failures="0" timestamp="19 Jun 2019 10:56:04 GMT" time="163.589" errors="0">
  <testcase name="Login" time="10.009" classname="Scripts.Login_Script"/>
  <testcase name="settingPage" time="7.211" classname="Scripts.ManageWrkflwFlexi_Script"/>
  <testcase name="mangeWfFlexi" time="140.581" classname="Scripts.ManageWrkflwFlexi_Script"/>
  <testcase name="@BeforeSuite createreport" time="0.0" classname="Generic_Library.Basefunctions">
    <ignored/>
  </testcase> <!-- @BeforeSuite createreport -->
  <testcase name="@BeforeTest launch" time="0.0" classname="Generic_Library.Basefunctions">
    <ignored/>
  </testcase> <!-- @BeforeTest launch -->
  <testcase name="@AfterTest closeapp" time="0.0" classname="Generic_Library.Basefunctions">
    <ignored/>
  </testcase> <!-- @AfterTest closeapp -->
</testsuite> <!-- ManageWfFlexi -->
