<?xml version="1.0" encoding="UTF-8"?>
<!-- Generated by org.testng.reporters.JUnitXMLReporter -->
<testsuite hostname="CPU351" ignored="3" name="workflowDocUpld" tests="2" failures="0" timestamp="30 Apr 2019 10:46:21 GMT" time="128.008" errors="0">
  <testcase name="Login" time="15.273" classname="Scripts.Login_Script"/>
  <testcase name="workFlows" time="103.682" classname="Scripts.WrkflwsDocUpld_Script"/>
  <testcase name="@BeforeSuite createreport" time="0.0" classname="Generic_Library.Basefunctions">
    <ignored/>
  </testcase> <!-- @BeforeSuite createreport -->
  <testcase name="@BeforeTest launch" time="0.0" classname="Generic_Library.Basefunctions">
    <ignored/>
  </testcase> <!-- @BeforeTest launch -->
  <testcase name="@AfterTest closeapp" time="0.0" classname="Generic_Library.Basefunctions">
    <ignored/>
  </testcase> <!-- @AfterTest closeapp -->
</testsuite> <!-- workflowDocUpld -->
