<?xml version="1.0" encoding="UTF-8"?>
<testng-results skipped="0" failed="0" ignored="3" total="5" passed="2">
  <reporter-output>
  </reporter-output>
  <suite name="Suite" duration-ms="174467" started-at="2019-06-21T07:22:40Z" finished-at="2019-06-21T07:25:35Z">
    <groups>
      <group name="SMK">
        <method signature="Login_Script.Login(java.util.Map)[pri:1, instance:Scripts.Login_Script@f4168b8]" name="Login" class="Scripts.Login_Script"/>
        <method signature="WorkflowseSign_Script.workFlows()[pri:1, instance:Scripts.WorkflowseSign_Script@3bd94634]" name="workFlows" class="Scripts.WorkflowseSign_Script"/>
      </group> <!-- SMK -->
      <group name="REG">
        <method signature="Login_Script.Login(java.util.Map)[pri:1, instance:Scripts.Login_Script@f4168b8]" name="Login" class="Scripts.Login_Script"/>
        <method signature="WorkflowseSign_Script.workFlows()[pri:1, instance:Scripts.WorkflowseSign_Script@3bd94634]" name="workFlows" class="Scripts.WorkflowseSign_Script"/>
      </group> <!-- REG -->
    </groups>
    <test name="workfloweSign" duration-ms="174467" started-at="2019-06-21T07:22:40Z" finished-at="2019-06-21T07:25:35Z">
      <class name="Scripts.WorkflowseSign_Script">
        <test-method status="PASS" signature="workFlows()[pri:1, instance:Scripts.WorkflowseSign_Script@3bd94634]" name="workFlows" duration-ms="152188" started-at="2019-06-21T07:23:02Z" finished-at="2019-06-21T07:25:34Z">
          <reporter-output>
          </reporter-output>
        </test-method> <!-- workFlows -->
        <test-method status="PASS" signature="report(org.testng.ITestResult)[pri:0, instance:Scripts.WorkflowseSign_Script@3bd94634]" name="report" is-config="true" duration-ms="1" started-at="2019-06-21T07:25:34Z" finished-at="2019-06-21T07:25:34Z">
          <params>
            <param index="0">
              <value>
                <![CDATA[[TestResult name=workFlows status=SUCCESS method=WorkflowseSign_Script.workFlows()[pri:1, instance:Scripts.WorkflowseSign_Script@3bd94634] output={null}]]]>
              </value>
            </param>
          </params>
          <reporter-output>
          </reporter-output>
        </test-method> <!-- report -->
      </class> <!-- Scripts.WorkflowseSign_Script -->
      <class name="Scripts.Login_Script">
        <test-method status="PASS" signature="createreport()[pri:0, instance:Scripts.Login_Script@f4168b8]" name="createreport" is-config="true" duration-ms="126" started-at="2019-06-21T07:22:40Z" finished-at="2019-06-21T07:22:40Z">
          <reporter-output>
          </reporter-output>
        </test-method> <!-- createreport -->
        <test-method status="PASS" signature="launch(java.lang.String)[pri:0, instance:Scripts.Login_Script@f4168b8]" name="launch" is-config="true" duration-ms="5046" started-at="2019-06-21T07:22:40Z" finished-at="2019-06-21T07:22:45Z">
          <params>
            <param index="0">
              <value>
                <![CDATA[ch]]>
              </value>
            </param>
          </params>
          <reporter-output>
          </reporter-output>
        </test-method> <!-- launch -->
        <test-method status="PASS" signature="Login(java.util.Map)[pri:1, instance:Scripts.Login_Script@f4168b8]" name="Login" duration-ms="16227" started-at="2019-06-21T07:22:46Z" data-provider="valid_login" finished-at="2019-06-21T07:23:02Z">
          <params>
            <param index="0">
              <value>
                <![CDATA[{Order=1, Execute_Flag=Y, Uname=testem048@gmail.com, Script_Name=ValidLogin, TC_ID=t001, Expected_Result=Valid credentials, Pwd=111111, Actual Result=null}]]>
              </value>
            </param>
          </params>
          <reporter-output>
          </reporter-output>
        </test-method> <!-- Login -->
        <test-method status="PASS" signature="report(org.testng.ITestResult)[pri:0, instance:Scripts.Login_Script@f4168b8]" name="report" is-config="true" duration-ms="4" started-at="2019-06-21T07:23:02Z" finished-at="2019-06-21T07:23:02Z">
          <params>
            <param index="0">
              <value>
                <![CDATA[[TestResult name=Login status=SUCCESS method=Login_Script.Login(java.util.Map)[pri:1, instance:Scripts.Login_Script@f4168b8] output={null}]]]>
              </value>
            </param>
          </params>
          <reporter-output>
          </reporter-output>
        </test-method> <!-- report -->
        <test-method status="PASS" signature="closeapp()[pri:0, instance:Scripts.Login_Script@f4168b8]" name="closeapp" is-config="true" duration-ms="358" started-at="2019-06-21T07:25:34Z" finished-at="2019-06-21T07:25:35Z">
          <reporter-output>
          </reporter-output>
        </test-method> <!-- closeapp -->
      </class> <!-- Scripts.Login_Script -->
    </test> <!-- workfloweSign -->
  </suite> <!-- Suite -->
</testng-results>
